# JRE version: Java(TM) SE Runtime Environment (8.0_45-b14) (build 1.8.0_45-b14)
# Java VM: Java HotSpot(TM) 64-Bit Server VM (25.45-b02 mixed mode linux-amd64 compressed oops)
Heap:
 PSYoungGen      total 104960K, used 7680K [0x0000000781780000, 0x000000078ab80000, 0x00000007c0000000)
  eden space 97280K, 0% used [0x0000000781780000,0x0000000781780000,0x0000000787680000)
  from space 7680K, 100% used [0x0000000787680000,0x0000000787e00000,0x0000000787e00000)
  to   space 7680K, 0% used [0x000000078a400000,0x000000078a400000,0x000000078ab80000)
 ParOldGen       total 235008K, used 184804K [0x0000000704600000, 0x0000000712b80000, 0x0000000781780000)
  object space 235008K, 78% used [0x0000000704600000,0x000000070fa79130,0x0000000712b80000)
 Metaspace       used 2605K, capacity 4552K, committed 4864K, reserved 1056768K
  class space    used 276K, capacity 388K, committed 512K, reserved 1048576K
GC Heap History (9 events):
Event: 0.346 GC heap before
{Heap before GC invocations=1 (full 0):
 PSYoungGen      total 56320K, used 48640K [0x0000000781780000, 0x0000000785600000, 0x00000007c0000000)
  eden space 48640K, 100% used [0x0000000781780000,0x0000000784700000,0x0000000784700000)
  from space 7680K, 0% used [0x0000000784e80000,0x0000000784e80000,0x0000000785600000)
  to   space 7680K, 0% used [0x0000000784700000,0x0000000784700000,0x0000000784e80000)
 ParOldGen       total 128512K, used 0K [0x0000000704600000, 0x000000070c380000, 0x0000000781780000)
  object space 128512K, 0% used [0x0000000704600000,0x0000000704600000,0x000000070c380000)
 Metaspace       used 2605K, capacity 4552K, committed 4864K, reserved 1056768K
  class space    used 276K, capacity 388K, committed 512K, reserved 1048576K
Event: 0.475 GC heap after
Heap after GC invocations=1 (full 0):
 PSYoungGen      total 56320K, used 7648K [0x0000000781780000, 0x0000000788580000, 0x00000007c0000000)
  eden space 48640K, 0% used [0x0000000781780000,0x0000000781780000,0x0000000784700000)
  from space 7680K, 99% used [0x0000000784700000,0x0000000784e78020,0x0000000784e80000)
  to   space 7680K, 0% used [0x0000000787e00000,0x0000000787e00000,0x0000000788580000)
 ParOldGen       total 128512K, used 38712K [0x0000000704600000, 0x000000070c380000, 0x0000000781780000)
  object space 128512K, 30% used [0x0000000704600000,0x0000000706bce000,0x000000070c380000)
 Metaspace       used 2605K, capacity 4552K, committed 4864K, reserved 1056768K
  class space    used 276K, capacity 388K, committed 512K, reserved 1048576K
}
Event: 0.534 GC heap before
{Heap before GC invocations=2 (full 0):
 PSYoungGen      total 56320K, used 56288K [0x0000000781780000, 0x0000000788580000, 0x00000007c0000000)
  eden space 48640K, 100% used [0x0000000781780000,0x0000000784700000,0x0000000784700000)
  from space 7680K, 99% used [0x0000000784700000,0x0000000784e78020,0x0000000784e80000)
  to   space 7680K, 0% used [0x0000000787e00000,0x0000000787e00000,0x0000000788580000)
 ParOldGen       total 128512K, used 38712K [0x0000000704600000, 0x000000070c380000, 0x0000000781780000)
  object space 128512K, 30% used [0x0000000704600000,0x0000000706bce000,0x000000070c380000)
 Metaspace       used 2605K, capacity 4552K, committed 4864K, reserved 1056768K
  class space    used 276K, capacity 388K, committed 512K, reserved 1048576K
Event: 0.799 GC heap after
Heap after GC invocations=2 (full 0):
 PSYoungGen      total 104960K, used 7664K [0x0000000781780000, 0x0000000788580000, 0x00000007c0000000)
  eden space 97280K, 0% used [0x0000000781780000,0x0000000781780000,0x0000000787680000)
  from space 7680K, 99% used [0x0000000787e00000,0x000000078857c010,0x0000000788580000)
  to   space 7680K, 0% used [0x0000000787680000,0x0000000787680000,0x0000000787e00000)
 ParOldGen       total 128512K, used 87528K [0x0000000704600000, 0x000000070c380000, 0x0000000781780000)
  object space 128512K, 68% used [0x0000000704600000,0x0000000709b7a000,0x000000070c380000)
 Metaspace       used 2605K, capacity 4552K, committed 4864K, reserved 1056768K
  class space    used 276K, capacity 388K, committed 512K, reserved 1048576K
}
Event: 0.799 GC heap before
{Heap before GC invocations=3 (full 1):
 PSYoungGen      total 104960K, used 7664K [0x0000000781780000, 0x0000000788580000, 0x00000007c0000000)
  eden space 97280K, 0% used [0x0000000781780000,0x0000000781780000,0x0000000787680000)
  from space 7680K, 99% used [0x0000000787e00000,0x000000078857c010,0x0000000788580000)
  to   space 7680K, 0% used [0x0000000787680000,0x0000000787680000,0x0000000787e00000)
 ParOldGen       total 128512K, used 87528K [0x0000000704600000, 0x000000070c380000, 0x0000000781780000)
  object space 128512K, 68% used [0x0000000704600000,0x0000000709b7a000,0x000000070c380000)
 Metaspace       used 2605K, capacity 4552K, committed 4864K, reserved 1056768K
  class space    used 276K, capacity 388K, committed 512K, reserved 1048576K
Event: 4.280 GC heap after
Heap after GC invocations=3 (full 1):
 PSYoungGen      total 104960K, used 0K [0x0000000781780000, 0x0000000788580000, 0x00000007c0000000)
  eden space 97280K, 0% used [0x0000000781780000,0x0000000781780000,0x0000000787680000)
  from space 7680K, 0% used [0x0000000787e00000,0x0000000787e00000,0x0000000788580000)
  to   space 7680K, 0% used [0x0000000787680000,0x0000000787680000,0x0000000787e00000)
 ParOldGen       total 235008K, used 94828K [0x0000000704600000, 0x0000000712b80000, 0x0000000781780000)
  object space 235008K, 40% used [0x0000000704600000,0x000000070a29b130,0x0000000712b80000)
 Metaspace       used 2605K, capacity 4552K, committed 4864K, reserved 1056768K
  class space    used 276K, capacity 388K, committed 512K, reserved 1048576K
}
Event: 4.688 GC heap before
{Heap before GC invocations=4 (full 1):
 PSYoungGen      total 104960K, used 97280K [0x0000000781780000, 0x0000000788580000, 0x00000007c0000000)
  eden space 97280K, 100% used [0x0000000781780000,0x0000000787680000,0x0000000787680000)
  from space 7680K, 0% used [0x0000000787e00000,0x0000000787e00000,0x0000000788580000)
  to   space 7680K, 0% used [0x0000000787680000,0x0000000787680000,0x0000000787e00000)
 ParOldGen       total 235008K, used 94828K [0x0000000704600000, 0x0000000712b80000, 0x0000000781780000)
  object space 235008K, 40% used [0x0000000704600000,0x000000070a29b130,0x0000000712b80000)
 Metaspace       used 2605K, capacity 4552K, committed 4864K, reserved 1056768K
  class space    used 276K, capacity 388K, committed 512K, reserved 1048576K
Event: 5.115 GC heap after
Heap after GC invocations=4 (full 1):
 PSYoungGen      total 104960K, used 7680K [0x0000000781780000, 0x000000078ab80000, 0x00000007c0000000)
  eden space 97280K, 0% used [0x0000000781780000,0x0000000781780000,0x0000000787680000)
  from space 7680K, 100% used [0x0000000787680000,0x0000000787e00000,0x0000000787e00000)
  to   space 7680K, 0% used [0x000000078a400000,0x000000078a400000,0x000000078ab80000)
 ParOldGen       total 235008K, used 184804K [0x0000000704600000, 0x0000000712b80000, 0x0000000781780000)
  object space 235008K, 78% used [0x0000000704600000,0x000000070fa79130,0x0000000712b80000)
 Metaspace       used 2605K, capacity 4552K, committed 4864K, reserved 1056768K
  class space    used 276K, capacity 388K, committed 512K, reserved 1048576K
}
Event: 5.115 GC heap before
{Heap before GC invocations=5 (full 2):
 PSYoungGen      total 104960K, used 7680K [0x0000000781780000, 0x000000078ab80000, 0x00000007c0000000)
  eden space 97280K, 0% used [0x0000000781780000,0x0000000781780000,0x0000000787680000)
  from space 7680K, 100% used [0x0000000787680000,0x0000000787e00000,0x0000000787e00000)
  to   space 7680K, 0% used [0x000000078a400000,0x000000078a400000,0x000000078ab80000)
 ParOldGen       total 235008K, used 184804K [0x0000000704600000, 0x0000000712b80000, 0x0000000781780000)
  object space 235008K, 78% used [0x0000000704600000,0x000000070fa79130,0x0000000712b80000)
 Metaspace       used 2605K, capacity 4552K, committed 4864K, reserved 1056768K
  class space    used 276K, capacity 388K, committed 512K, reserved 1048576K

